Build started 03/03/2016 11:20:50.
     1>Project "C:\Users\b4029236\Desktop\14.Collision\Collision\Collision.vcxproj" on node 2 (Build target(s)).
     1>ClCompile:
         C:\Program Files (x86)\Microsoft Visual Studio 12.0\VC\bin\CL.exe /c /I..\..\DirectXTK\Inc /ZI /nologo /W3 /WX- /Od /Oy- /D WIN32 /D _DEBUG /D _WINDOWS /D _MBCS /Gm /EHsc /RTC1 /MDd /GS- /fp:precise /Zc:wchar_t /Zc:forScope /Fo"Debug\\" /Fd"Debug\vc120.pdb" /Gd /TP /analyze- /errorReport:prompt /wd4005 Game.cpp
         Game.cpp
       Link:
         C:\Program Files (x86)\Microsoft Visual Studio 12.0\VC\bin\link.exe /ERRORREPORT:PROMPT /OUT:"..\bin\Collision.exe" /INCREMENTAL /NOLOGO Xinput9_1_0.lib assimpd.lib d3dcompiler.lib d3d11.lib kernel32.lib user32.lib gdi32.lib winspool.lib comdlg32.lib advapi32.lib shell32.lib ole32.lib oleaut32.lib uuid.lib odbc32.lib odbccp32.lib kernel32.lib user32.lib gdi32.lib winspool.lib comdlg32.lib advapi32.lib shell32.lib ole32.lib oleaut32.lib uuid.lib odbc32.lib odbccp32.lib /MANIFEST /MANIFESTUAC:"level='asInvoker' uiAccess='false'" /manifest:embed /DEBUG /PDB:"../bin/Collision.pdb" /SUBSYSTEM:WINDOWS /TLBID:1 /DYNAMICBASE /NXCOMPAT /IMPLIB:"../bin/Collision.lib" /MACHINE:X86 Debug\BallSim.obj
         Debug\D3D.obj
         Debug\D3DUtil.obj
         Debug\FX.obj
         Debug\Game.obj
         Debug\GeometryBuilder.obj
         Debug\Input.obj
         Debug\main.obj
         Debug\Mesh.obj
         Debug\Model.obj
         Debug\ShaderTypes.obj
         Debug\WindowUtils.obj
         C:\Users\b4029236\Desktop\DirectXTK\Bin\Desktop_2013\Win32\Debug\DirectXTK.lib
         Collision.vcxproj -> C:\Users\b4029236\Desktop\14.Collision\Collision\../bin/Collision.exe
     1>Done Building Project "C:\Users\b4029236\Desktop\14.Collision\Collision\Collision.vcxproj" (Build target(s)).

Build succeeded.

Time Elapsed 00:00:02.90
